### enable parallel query forcibly with maximum parallel degree = 4 and cost/records threshold = 0 ###
CREATE TABLE t1 (f1 INT, f2 INT);
INSERT INTO t1 VALUES (1, 0), (2, 1), (3, 2);
CREATE TABLE t2 (f1 INT, f2 INT);
EXPLAIN FORMAT=tree SELECT t1.f1
FROM t1
HAVING (3, 2) IN (SELECT f1, f2 FROM t2) AND t1.f1  >= 0
ORDER BY t1.f1;
EXPLAIN
-> Zero rows (Impossible HAVING)  (cost=0.00..0.00 rows=0)

DROP TABLE t1, t2;
CREATE TABLE t1(a int);
SELECT 1 FROM t1 WHERE 1 > ALL(SELECT 1 FROM t1 WHERE a);
1
DROP TABLE t1;
CREATE TABLE t1(a INT, b INT, INDEX(b));
insert into t1 values (1, 1),(2, 2);
CREATE FUNCTION f1() RETURNS INT DETERMINISTIC RETURN 1;
EXPLAIN FORMAT=tree SELECT * FROM t1 WHERE b = f1();
EXPLAIN
-> Index lookup on t1 using b (b=f1())  (cost=0.35 rows=1)

DROP TABLE t1;
DROP FUNCTION f1;
